<?xml version="1.0" encoding="UTF-8"?>
<!-- Generated by org.testng.reporters.JUnitReportReporter -->
<testsuite name="com.course.cases.AddUserTest" tests="1" time="5.251" ignored="0" failures="0" timestamp="23 七月 2018 07:08:46 GMT" skipped="0" hostname="DESKTOP-ENLHRK0" errors="0">
  <testcase name="addUser" time="5.251" classname="com.course.cases.AddUserTest"/>
</testsuite> <!-- com.course.cases.AddUserTest -->
