<?xml version="1.0" encoding="UTF-8"?>
<!-- Generated by org.testng.reporters.JUnitReportReporter -->
<testsuite name="com.course.cases.AddUserTest" tests="1" time="0.000" ignored="0" failures="0" timestamp="24 七月 2018 08:24:10 GMT" skipped="1" hostname="DESKTOP-ENLHRK0" errors="0">
  <testcase name="addUser" time="0.000" classname="com.course.cases.AddUserTest">
    <skipped/>
  </testcase> <!-- addUser -->
</testsuite> <!-- com.course.cases.AddUserTest -->
