<?xml version="1.0" encoding="UTF-8"?>
<!-- Generated by org.testng.reporters.JUnitReportReporter -->
<testsuite name="com.course.cases.GetUserInfoTest" tests="1" time="0.000" ignored="0" failures="0" timestamp="24 七月 2018 08:24:10 GMT" skipped="1" hostname="DESKTOP-ENLHRK0" errors="0">
  <testcase name="getUserInfo" time="0.000" classname="com.course.cases.GetUserInfoTest">
    <skipped/>
  </testcase> <!-- getUserInfo -->
</testsuite> <!-- com.course.cases.GetUserInfoTest -->
