<?xml version="1.0" encoding="UTF-8"?>
<!-- Generated by org.testng.reporters.JUnitReportReporter -->
<testsuite name="com.course.cases.GetUserInfoListTest" tests="1" time="0.150" ignored="0" failures="0" timestamp="23 七月 2018 07:08:46 GMT" skipped="0" hostname="DESKTOP-ENLHRK0" errors="0">
  <testcase name="getUserListInfo" time="0.150" classname="com.course.cases.GetUserInfoListTest"/>
</testsuite> <!-- com.course.cases.GetUserInfoListTest -->
