<?xml version="1.0" encoding="UTF-8"?>
<!-- Generated by org.testng.reporters.JUnitReportReporter -->
<testsuite name="com.course.cases.LoginTest" tests="2" time="10.933" ignored="0" failures="0" timestamp="23 七月 2018 07:08:46 GMT" skipped="0" hostname="DESKTOP-ENLHRK0" errors="0">
  <testcase name="loginTrue" time="10.573" classname="com.course.cases.LoginTest"/>
  <testcase name="loginFalse" time="0.360" classname="com.course.cases.LoginTest"/>
</testsuite> <!-- com.course.cases.LoginTest -->
