<?xml version="1.0" encoding="UTF-8"?>
<!-- Generated by org.testng.reporters.JUnitReportReporter -->
<testsuite name="com.course.cases.UpdateUserInfoTest" tests="2" time="22.650" ignored="0" failures="0" timestamp="23 七月 2018 07:08:46 GMT" skipped="0" hostname="DESKTOP-ENLHRK0" errors="0">
  <testcase name="deleteUser" time="11.279" classname="com.course.cases.UpdateUserInfoTest"/>
  <testcase name="updateUserInfo" time="11.371" classname="com.course.cases.UpdateUserInfoTest"/>
</testsuite> <!-- com.course.cases.UpdateUserInfoTest -->
